<?xml version="1.0" encoding="UTF-8"?>
<!-- Generated by org.testng.reporters.JUnitReportReporter -->
<testsuite hostname="DESKTOP-VOEPL6U" failures="0" tests="7" name="testng.Test1" time="0.041" errors="0" timestamp="2022-05-16T10:40:17 IST" skipped="1">
  <testcase classname="testng.Test1" name="setting" time="0.002"/>
  <system-out>
    <![CDATA[setting]]>
  </system-out>
  <testcase classname="testng.Test1" name="setting" time="0.020"/>
  <system-out>
    <![CDATA[setting]]>
  </system-out>
  <testcase classname="testng.Test1" name="setting" time="0.007"/>
  <system-out>
    <![CDATA[setting]]>
  </system-out>
  <testcase classname="testng.Test1" name="setting" time="0.003"/>
  <system-out>
    <![CDATA[setting]]>
  </system-out>
  <testcase classname="testng.Test1" name="calls" time="0.003"/>
  <system-out>
    <![CDATA[calls]]>
  </system-out>
  <testcase classname="testng.Test1" name="calls" time="0.006"/>
  <system-out>
    <![CDATA[calls]]>
  </system-out>
  <testcase classname="testng.Test1" name="chats">
    <skipped/>
  </testcase> <!-- chats -->
  <system-out/>
</testsuite> <!-- testng.Test1 -->
