<?xml version="1.0" encoding="UTF-8"?>
<!-- Generated by org.testng.reporters.JUnitReportReporter -->
<testsuite hostname="DESKTOP-VOEPL6U" failures="0" tests="1" name="testng.Test0" time="0.004" errors="0" timestamp="2022-05-16T10:40:17 IST" skipped="0">
  <testcase classname="testng.Test0" name="tc1" time="0.004"/>
  <system-out>
    <![CDATA[hello selenium
hello selenium]]>
  </system-out>
</testsuite> <!-- testng.Test0 -->
